2024-04-25T15:57:22.677+03:00  INFO 40928 --- [restartedMain] c.p.countrycode.CountryCodeApplication   : Starting CountryCodeApplication using Java 17.0.10 with PID 40928 (D:\DontTouch\Labs\Java\country-code\target\classes started by Seno in D:\DontTouch\Labs\Java\country-code)
2024-04-25T15:57:22.686+03:00  INFO 40928 --- [restartedMain] c.p.countrycode.CountryCodeApplication   : No active profile set, falling back to 1 default profile: "default"
2024-04-25T15:57:22.744+03:00  INFO 40928 --- [restartedMain] .e.DevToolsPropertyDefaultsPostProcessor : Devtools property defaults active! Set 'spring.devtools.add-properties' to 'false' to disable
2024-04-25T15:57:22.745+03:00  INFO 40928 --- [restartedMain] .e.DevToolsPropertyDefaultsPostProcessor : For additional web related logging consider setting the 'logging.level.web' property to 'DEBUG'
2024-04-25T15:57:23.485+03:00  INFO 40928 --- [restartedMain] .s.d.r.c.RepositoryConfigurationDelegate : Bootstrapping Spring Data JPA repositories in DEFAULT mode.
2024-04-25T15:57:23.535+03:00  INFO 40928 --- [restartedMain] .s.d.r.c.RepositoryConfigurationDelegate : Finished Spring Data repository scanning in 44 ms. Found 3 JPA repository interfaces.
2024-04-25T15:57:24.238+03:00  INFO 40928 --- [restartedMain] o.s.b.w.embedded.tomcat.TomcatWebServer  : Tomcat initialized with port 8080 (http)
2024-04-25T15:57:24.247+03:00  INFO 40928 --- [restartedMain] o.apache.catalina.core.StandardService   : Starting service [Tomcat]
2024-04-25T15:57:24.247+03:00  INFO 40928 --- [restartedMain] o.apache.catalina.core.StandardEngine    : Starting Servlet engine: [Apache Tomcat/10.1.19]
2024-04-25T15:57:24.301+03:00  INFO 40928 --- [restartedMain] o.a.c.c.C.[Tomcat].[localhost].[/]       : Initializing Spring embedded WebApplicationContext
2024-04-25T15:57:24.302+03:00  INFO 40928 --- [restartedMain] w.s.c.ServletWebServerApplicationContext : Root WebApplicationContext: initialization completed in 1554 ms
2024-04-25T15:57:24.478+03:00  INFO 40928 --- [restartedMain] o.hibernate.jpa.internal.util.LogHelper  : HHH000204: Processing PersistenceUnitInfo [name: default]
2024-04-25T15:57:24.539+03:00  INFO 40928 --- [restartedMain] org.hibernate.Version                    : HHH000412: Hibernate ORM core version 6.4.4.Final
2024-04-25T15:57:24.576+03:00  INFO 40928 --- [restartedMain] o.h.c.internal.RegionFactoryInitiator    : HHH000026: Second-level cache disabled
2024-04-25T15:57:24.759+03:00  INFO 40928 --- [restartedMain] o.s.o.j.p.SpringPersistenceUnitInfo      : No LoadTimeWeaver setup: ignoring JPA class transformer
2024-04-25T15:57:24.789+03:00  INFO 40928 --- [restartedMain] com.zaxxer.hikari.HikariDataSource       : HikariPool-1 - Starting...
2024-04-25T15:57:25.070+03:00  INFO 40928 --- [restartedMain] com.zaxxer.hikari.pool.HikariPool        : HikariPool-1 - Added connection org.postgresql.jdbc.PgConnection@7ef826cf
2024-04-25T15:57:25.071+03:00  INFO 40928 --- [restartedMain] com.zaxxer.hikari.HikariDataSource       : HikariPool-1 - Start completed.
2024-04-25T15:57:25.137+03:00  WARN 40928 --- [restartedMain] org.hibernate.orm.deprecation            : HHH90000025: PostgreSQLDialect does not need to be specified explicitly using 'hibernate.dialect' (remove the property setting and it will be selected by default)
2024-04-25T15:57:25.998+03:00  INFO 40928 --- [restartedMain] o.h.e.t.j.p.i.JtaPlatformInitiator       : HHH000489: No JTA platform available (set 'hibernate.transaction.jta.platform' to enable JTA platform integration)
2024-04-25T15:57:26.322+03:00  INFO 40928 --- [restartedMain] j.LocalContainerEntityManagerFactoryBean : Initialized JPA EntityManagerFactory for persistence unit 'default'
2024-04-25T15:57:26.735+03:00  INFO 40928 --- [restartedMain] o.s.d.j.r.query.QueryEnhancerFactory     : Hibernate is in classpath; If applicable, HQL parser will be used.
2024-04-25T15:57:27.305+03:00  WARN 40928 --- [restartedMain] JpaBaseConfiguration$JpaWebConfiguration : spring.jpa.open-in-view is enabled by default. Therefore, database queries may be performed during view rendering. Explicitly configure spring.jpa.open-in-view to disable this warning
2024-04-25T15:57:28.095+03:00  INFO 40928 --- [restartedMain] o.s.b.d.a.OptionalLiveReloadServer       : LiveReload server is running on port 35729
2024-04-25T15:57:28.174+03:00  INFO 40928 --- [restartedMain] o.s.b.w.embedded.tomcat.TomcatWebServer  : Tomcat started on port 8080 (http) with context path ''
2024-04-25T15:57:28.186+03:00  INFO 40928 --- [restartedMain] c.p.countrycode.CountryCodeApplication   : Started CountryCodeApplication in 5.999 seconds (process running for 6.982)
2024-04-25T15:57:32.093+03:00  INFO 40928 --- [http-nio-8080-exec-1] o.a.c.c.C.[Tomcat].[localhost].[/]       : Initializing Spring DispatcherServlet 'dispatcherServlet'
2024-04-25T15:57:32.094+03:00  INFO 40928 --- [http-nio-8080-exec-1] o.s.web.servlet.DispatcherServlet        : Initializing Servlet 'dispatcherServlet'
2024-04-25T15:57:32.095+03:00  INFO 40928 --- [http-nio-8080-exec-1] o.s.web.servlet.DispatcherServlet        : Completed initialization in 1 ms
2024-04-25T15:57:32.277+03:00  INFO 40928 --- [http-nio-8080-exec-1] c.p.countrycode.component.LoggingAspect  : All countries found: [com.projects.countrycode.domain.Country@ee64eaa, com.projects.countrycode.domain.Country@5eff6914, com.projects.countrycode.domain.Country@52467459, com.projects.countrycode.domain.Country@34566c7a, com.projects.countrycode.domain.Country@86d2f80, com.projects.countrycode.domain.Country@7164f344], Request count: 1
2024-04-25T15:57:32.738+03:00  INFO 40928 --- [http-nio-8080-exec-2] c.p.countrycode.component.LoggingAspect  : All countries found: [com.projects.countrycode.domain.Country@7109f8f7, com.projects.countrycode.domain.Country@34b9d0e2, com.projects.countrycode.domain.Country@492e2f7f, com.projects.countrycode.domain.Country@37ba9ff8, com.projects.countrycode.domain.Country@352dae00, com.projects.countrycode.domain.Country@56c30c1f], Request count: 2
2024-04-25T15:57:46.557+03:00  INFO 40928 --- [http-nio-8080-exec-5] c.projects.countrycode.component.Cache   : Value has been put in cache
2024-04-25T15:57:46.568+03:00  INFO 40928 --- [http-nio-8080-exec-5] c.p.countrycode.component.LoggingAspect  : Updated: <200 OK OK,Updated successfully,[]>
2024-04-25T15:57:47.228+03:00  INFO 40928 --- [http-nio-8080-exec-9] c.p.countrycode.component.LoggingAspect  : All countries found: [com.projects.countrycode.domain.Country@2c0c03b, com.projects.countrycode.domain.Country@41e4983e, com.projects.countrycode.domain.Country@7ff26776, com.projects.countrycode.domain.Country@171c5423, com.projects.countrycode.domain.Country@9bd352f, com.projects.countrycode.domain.Country@49e44194], Request count: 3
2024-04-25T15:59:22.252+03:00  INFO 40928 --- [SpringApplicationShutdownHook] j.LocalContainerEntityManagerFactoryBean : Closing JPA EntityManagerFactory for persistence unit 'default'
2024-04-25T15:59:22.258+03:00  INFO 40928 --- [SpringApplicationShutdownHook] com.zaxxer.hikari.HikariDataSource       : HikariPool-1 - Shutdown initiated...
2024-04-25T15:59:22.264+03:00  INFO 40928 --- [SpringApplicationShutdownHook] com.zaxxer.hikari.HikariDataSource       : HikariPool-1 - Shutdown completed.
2024-04-25T16:11:00.679+03:00  INFO 12172 --- [restartedMain] c.p.countrycode.CountryCodeApplication   : Starting CountryCodeApplication using Java 17.0.10 with PID 12172 (D:\DontTouch\Labs\Java\country-code\target\classes started by Seno in D:\DontTouch\Labs\Java\country-code)
2024-04-25T16:11:00.681+03:00  INFO 12172 --- [restartedMain] c.p.countrycode.CountryCodeApplication   : No active profile set, falling back to 1 default profile: "default"
2024-04-25T16:11:00.725+03:00  INFO 12172 --- [restartedMain] .e.DevToolsPropertyDefaultsPostProcessor : Devtools property defaults active! Set 'spring.devtools.add-properties' to 'false' to disable
2024-04-25T16:11:00.725+03:00  INFO 12172 --- [restartedMain] .e.DevToolsPropertyDefaultsPostProcessor : For additional web related logging consider setting the 'logging.level.web' property to 'DEBUG'
2024-04-25T16:11:01.465+03:00  INFO 12172 --- [restartedMain] .s.d.r.c.RepositoryConfigurationDelegate : Bootstrapping Spring Data JPA repositories in DEFAULT mode.
2024-04-25T16:11:01.520+03:00  INFO 12172 --- [restartedMain] .s.d.r.c.RepositoryConfigurationDelegate : Finished Spring Data repository scanning in 48 ms. Found 3 JPA repository interfaces.
2024-04-25T16:11:02.274+03:00  INFO 12172 --- [restartedMain] o.s.b.w.embedded.tomcat.TomcatWebServer  : Tomcat initialized with port 8080 (http)
2024-04-25T16:11:02.285+03:00  INFO 12172 --- [restartedMain] o.apache.catalina.core.StandardService   : Starting service [Tomcat]
2024-04-25T16:11:02.285+03:00  INFO 12172 --- [restartedMain] o.apache.catalina.core.StandardEngine    : Starting Servlet engine: [Apache Tomcat/10.1.19]
2024-04-25T16:11:02.362+03:00  INFO 12172 --- [restartedMain] o.a.c.c.C.[Tomcat].[localhost].[/]       : Initializing Spring embedded WebApplicationContext
2024-04-25T16:11:02.362+03:00  INFO 12172 --- [restartedMain] w.s.c.ServletWebServerApplicationContext : Root WebApplicationContext: initialization completed in 1636 ms
2024-04-25T16:11:02.581+03:00  INFO 12172 --- [restartedMain] o.hibernate.jpa.internal.util.LogHelper  : HHH000204: Processing PersistenceUnitInfo [name: default]
2024-04-25T16:11:02.641+03:00  INFO 12172 --- [restartedMain] org.hibernate.Version                    : HHH000412: Hibernate ORM core version 6.4.4.Final
2024-04-25T16:11:02.678+03:00  INFO 12172 --- [restartedMain] o.h.c.internal.RegionFactoryInitiator    : HHH000026: Second-level cache disabled
2024-04-25T16:11:02.851+03:00  INFO 12172 --- [restartedMain] o.s.o.j.p.SpringPersistenceUnitInfo      : No LoadTimeWeaver setup: ignoring JPA class transformer
2024-04-25T16:11:02.872+03:00  INFO 12172 --- [restartedMain] com.zaxxer.hikari.HikariDataSource       : HikariPool-1 - Starting...
2024-04-25T16:11:02.981+03:00  INFO 12172 --- [restartedMain] com.zaxxer.hikari.pool.HikariPool        : HikariPool-1 - Added connection org.postgresql.jdbc.PgConnection@3ba6d346
2024-04-25T16:11:02.983+03:00  INFO 12172 --- [restartedMain] com.zaxxer.hikari.HikariDataSource       : HikariPool-1 - Start completed.
2024-04-25T16:11:03.023+03:00  WARN 12172 --- [restartedMain] org.hibernate.orm.deprecation            : HHH90000025: PostgreSQLDialect does not need to be specified explicitly using 'hibernate.dialect' (remove the property setting and it will be selected by default)
2024-04-25T16:11:03.830+03:00  INFO 12172 --- [restartedMain] o.h.e.t.j.p.i.JtaPlatformInitiator       : HHH000489: No JTA platform available (set 'hibernate.transaction.jta.platform' to enable JTA platform integration)
2024-04-25T16:11:04.066+03:00  INFO 12172 --- [restartedMain] j.LocalContainerEntityManagerFactoryBean : Initialized JPA EntityManagerFactory for persistence unit 'default'
2024-04-25T16:11:04.448+03:00  INFO 12172 --- [restartedMain] o.s.d.j.r.query.QueryEnhancerFactory     : Hibernate is in classpath; If applicable, HQL parser will be used.
2024-04-25T16:11:06.473+03:00  WARN 12172 --- [restartedMain] JpaBaseConfiguration$JpaWebConfiguration : spring.jpa.open-in-view is enabled by default. Therefore, database queries may be performed during view rendering. Explicitly configure spring.jpa.open-in-view to disable this warning
2024-04-25T16:11:07.758+03:00  INFO 12172 --- [restartedMain] o.s.b.d.a.OptionalLiveReloadServer       : LiveReload server is running on port 35729
2024-04-25T16:11:07.814+03:00  INFO 12172 --- [restartedMain] o.s.b.w.embedded.tomcat.TomcatWebServer  : Tomcat started on port 8080 (http) with context path ''
2024-04-25T16:11:07.828+03:00  INFO 12172 --- [restartedMain] c.p.countrycode.CountryCodeApplication   : Started CountryCodeApplication in 7.547 seconds (process running for 8.3)
2024-04-25T16:11:13.226+03:00  INFO 12172 --- [http-nio-8080-exec-1] o.a.c.c.C.[Tomcat].[localhost].[/]       : Initializing Spring DispatcherServlet 'dispatcherServlet'
2024-04-25T16:11:13.226+03:00  INFO 12172 --- [http-nio-8080-exec-1] o.s.web.servlet.DispatcherServlet        : Initializing Servlet 'dispatcherServlet'
2024-04-25T16:11:13.227+03:00  INFO 12172 --- [http-nio-8080-exec-1] o.s.web.servlet.DispatcherServlet        : Completed initialization in 1 ms
2024-04-25T16:11:13.386+03:00  INFO 12172 --- [http-nio-8080-exec-1] c.p.countrycode.component.LoggingAspect  : All countries found: [com.projects.countrycode.domain.Country@229af03, com.projects.countrycode.domain.Country@7ea74106, com.projects.countrycode.domain.Country@73941441, com.projects.countrycode.domain.Country@38724b9b, com.projects.countrycode.domain.Country@4cd9aa51, com.projects.countrycode.domain.Country@e0702ba], Request count: 1
2024-04-25T16:11:31.802+03:00  INFO 12172 --- [http-nio-8080-exec-3] c.p.countrycode.component.LoggingAspect  : All countries found: [com.projects.countrycode.domain.Country@6a392bd1, com.projects.countrycode.domain.Country@14d6a6d1, com.projects.countrycode.domain.Country@6fd557f3, com.projects.countrycode.domain.Country@59cb3c58, com.projects.countrycode.domain.Country@15c107f, com.projects.countrycode.domain.Country@23ac4d53], Request count: 2
2024-04-25T16:13:00.119+03:00  INFO 12172 --- [http-nio-8080-exec-6] c.p.countrycode.component.LoggingAspect  : All countries found: [com.projects.countrycode.domain.Country@511f7fdb, com.projects.countrycode.domain.Country@7f458d1f, com.projects.countrycode.domain.Country@2e66674a, com.projects.countrycode.domain.Country@32efca09, com.projects.countrycode.domain.Country@33389827, com.projects.countrycode.domain.Country@27589085], Request count: 3
2024-04-25T16:13:18.898+03:00  INFO 12172 --- [http-nio-8080-exec-7] c.p.countrycode.component.LoggingAspect  : All countries found: [com.projects.countrycode.domain.Country@5dfd45a1, com.projects.countrycode.domain.Country@2d813eff, com.projects.countrycode.domain.Country@333c7406, com.projects.countrycode.domain.Country@30ac0376, com.projects.countrycode.domain.Country@282b2d8d, com.projects.countrycode.domain.Country@72496d84], Request count: 4
2024-04-25T16:13:39.820+03:00  INFO 12172 --- [http-nio-8080-exec-9] c.p.countrycode.component.LoggingAspect  : All countries found: [com.projects.countrycode.domain.Country@6ac21eb1, com.projects.countrycode.domain.Country@7a631c39, com.projects.countrycode.domain.Country@31692c2d, com.projects.countrycode.domain.Country@12e7a791, com.projects.countrycode.domain.Country@53c78f27, com.projects.countrycode.domain.Country@57538fc4], Request count: 5
2024-04-25T16:13:43.816+03:00  INFO 12172 --- [http-nio-8080-exec-10] c.p.countrycode.component.LoggingAspect  : All countries found: [com.projects.countrycode.domain.Country@7f040de6, com.projects.countrycode.domain.Country@6f83539b, com.projects.countrycode.domain.Country@32e047a0, com.projects.countrycode.domain.Country@24c0c183, com.projects.countrycode.domain.Country@4f9a8b29, com.projects.countrycode.domain.Country@586348fb], Request count: 6
2024-04-25T16:13:44.585+03:00  INFO 12172 --- [http-nio-8080-exec-2] c.p.countrycode.component.LoggingAspect  : All countries found: [com.projects.countrycode.domain.Country@6e0ebed4, com.projects.countrycode.domain.Country@cc0b252, com.projects.countrycode.domain.Country@aa83ef0, com.projects.countrycode.domain.Country@77d3743a, com.projects.countrycode.domain.Country@30f7991, com.projects.countrycode.domain.Country@55d26bea], Request count: 7
2024-04-25T16:13:46.146+03:00  INFO 12172 --- [http-nio-8080-exec-3] c.p.countrycode.component.LoggingAspect  : All countries found: [com.projects.countrycode.domain.Country@2015fa23, com.projects.countrycode.domain.Country@6d250790, com.projects.countrycode.domain.Country@4a3a2a7e, com.projects.countrycode.domain.Country@2ce7d9d1, com.projects.countrycode.domain.Country@742862c6, com.projects.countrycode.domain.Country@7696ce00], Request count: 8
2024-04-25T16:13:50.084+03:00  INFO 12172 --- [http-nio-8080-exec-4] c.p.countrycode.component.LoggingAspect  : All countries found: [com.projects.countrycode.domain.Country@3cc0347e, com.projects.countrycode.domain.Country@fa21a33, com.projects.countrycode.domain.Country@631bba80, com.projects.countrycode.domain.Country@15a08043, com.projects.countrycode.domain.Country@3a2dfe47, com.projects.countrycode.domain.Country@31f054d8], Request count: 9
2024-04-25T16:13:50.751+03:00  INFO 12172 --- [http-nio-8080-exec-6] c.p.countrycode.component.LoggingAspect  : All countries found: [com.projects.countrycode.domain.Country@13f519e3, com.projects.countrycode.domain.Country@1ad4b0ba, com.projects.countrycode.domain.Country@3192e5d, com.projects.countrycode.domain.Country@5106ad57, com.projects.countrycode.domain.Country@5622f853, com.projects.countrycode.domain.Country@53e2eadc], Request count: 10
2024-04-25T16:13:54.510+03:00  INFO 12172 --- [http-nio-8080-exec-7] c.p.countrycode.component.LoggingAspect  : All countries found: [com.projects.countrycode.domain.Country@e795bf4, com.projects.countrycode.domain.Country@1f20579f, com.projects.countrycode.domain.Country@d9653e, com.projects.countrycode.domain.Country@429cdab0, com.projects.countrycode.domain.Country@57a0f6db, com.projects.countrycode.domain.Country@10a71fe0], Request count: 11
2024-04-25T16:13:54.735+03:00  INFO 12172 --- [http-nio-8080-exec-8] c.p.countrycode.component.LoggingAspect  : All countries found: [com.projects.countrycode.domain.Country@2069a538, com.projects.countrycode.domain.Country@22dea89b, com.projects.countrycode.domain.Country@28400779, com.projects.countrycode.domain.Country@60afa801, com.projects.countrycode.domain.Country@79a95f1d, com.projects.countrycode.domain.Country@3b98962e], Request count: 12
2024-04-25T16:13:55.002+03:00  INFO 12172 --- [http-nio-8080-exec-9] c.p.countrycode.component.LoggingAspect  : All countries found: [com.projects.countrycode.domain.Country@2a31bb6d, com.projects.countrycode.domain.Country@7ad93de3, com.projects.countrycode.domain.Country@7a66fcbf, com.projects.countrycode.domain.Country@41464a8a, com.projects.countrycode.domain.Country@7ebbf838, com.projects.countrycode.domain.Country@7ec24605], Request count: 13
2024-04-25T16:14:00.649+03:00  INFO 12172 --- [http-nio-8080-exec-10] c.p.countrycode.component.LoggingAspect  : All countries found: [com.projects.countrycode.domain.Country@d934eb3, com.projects.countrycode.domain.Country@486e5dd0, com.projects.countrycode.domain.Country@38a8ce8a, com.projects.countrycode.domain.Country@75b6b309, com.projects.countrycode.domain.Country@5fac6fcf, com.projects.countrycode.domain.Country@c6e98b7], Request count: 14
2024-04-25T16:14:00.784+03:00  INFO 12172 --- [http-nio-8080-exec-1] c.p.countrycode.component.LoggingAspect  : All countries found: [com.projects.countrycode.domain.Country@4fe1dfad, com.projects.countrycode.domain.Country@32facf8b, com.projects.countrycode.domain.Country@3571c3b8, com.projects.countrycode.domain.Country@59b8989, com.projects.countrycode.domain.Country@3bff10d9, com.projects.countrycode.domain.Country@48257c05], Request count: 15
2024-04-25T16:14:01.013+03:00  INFO 12172 --- [http-nio-8080-exec-2] c.p.countrycode.component.LoggingAspect  : All countries found: [com.projects.countrycode.domain.Country@1dbd6884, com.projects.countrycode.domain.Country@4c6e6daa, com.projects.countrycode.domain.Country@3d68ebb2, com.projects.countrycode.domain.Country@6e0dd107, com.projects.countrycode.domain.Country@76c3c61c, com.projects.countrycode.domain.Country@74a414e2], Request count: 16
2024-04-25T16:15:31.300+03:00  INFO 12172 --- [http-nio-8080-exec-4] c.p.countrycode.component.LoggingAspect  : All countries found: [com.projects.countrycode.domain.Country@25e2d750, com.projects.countrycode.domain.Country@7cab7f5b, com.projects.countrycode.domain.Country@5fc821c9, com.projects.countrycode.domain.Country@30ade5af, com.projects.countrycode.domain.Country@766856f7, com.projects.countrycode.domain.Country@14d11fb5], Request count: 17
2024-04-25T16:15:32.657+03:00  INFO 12172 --- [http-nio-8080-exec-6] c.p.countrycode.component.LoggingAspect  : All countries found: [com.projects.countrycode.domain.Country@3266a505, com.projects.countrycode.domain.Country@675efba9, com.projects.countrycode.domain.Country@664ecd8, com.projects.countrycode.domain.Country@dfce9ad, com.projects.countrycode.domain.Country@379757c6, com.projects.countrycode.domain.Country@c535380], Request count: 18
2024-04-25T16:15:33.325+03:00  INFO 12172 --- [http-nio-8080-exec-5] c.p.countrycode.component.LoggingAspect  : All countries found: [com.projects.countrycode.domain.Country@e886047, com.projects.countrycode.domain.Country@7f6d6d15, com.projects.countrycode.domain.Country@413d037f, com.projects.countrycode.domain.Country@1476f4d3, com.projects.countrycode.domain.Country@b7be614, com.projects.countrycode.domain.Country@86ff6e], Request count: 19
2024-04-25T16:15:33.491+03:00  INFO 12172 --- [http-nio-8080-exec-7] c.p.countrycode.component.LoggingAspect  : All countries found: [com.projects.countrycode.domain.Country@14e86d95, com.projects.countrycode.domain.Country@404ffc2d, com.projects.countrycode.domain.Country@375254f1, com.projects.countrycode.domain.Country@55722b01, com.projects.countrycode.domain.Country@2fa3bfe2, com.projects.countrycode.domain.Country@57623cea], Request count: 20
2024-04-25T16:15:33.645+03:00  INFO 12172 --- [http-nio-8080-exec-8] c.p.countrycode.component.LoggingAspect  : All countries found: [com.projects.countrycode.domain.Country@396a89d5, com.projects.countrycode.domain.Country@4cc23e0e, com.projects.countrycode.domain.Country@6931c7, com.projects.countrycode.domain.Country@47703547, com.projects.countrycode.domain.Country@73cc80d6, com.projects.countrycode.domain.Country@7123f7a8], Request count: 21
2024-04-25T16:15:33.878+03:00  INFO 12172 --- [http-nio-8080-exec-9] c.p.countrycode.component.LoggingAspect  : All countries found: [com.projects.countrycode.domain.Country@773e94b9, com.projects.countrycode.domain.Country@8b15e27, com.projects.countrycode.domain.Country@4f3ec877, com.projects.countrycode.domain.Country@449c4c0c, com.projects.countrycode.domain.Country@7807c050, com.projects.countrycode.domain.Country@35cefa1a], Request count: 22
2024-04-25T16:15:39.145+03:00  INFO 12172 --- [SpringApplicationShutdownHook] j.LocalContainerEntityManagerFactoryBean : Closing JPA EntityManagerFactory for persistence unit 'default'
2024-04-25T16:15:39.150+03:00  INFO 12172 --- [SpringApplicationShutdownHook] com.zaxxer.hikari.HikariDataSource       : HikariPool-1 - Shutdown initiated...
2024-04-25T16:15:39.155+03:00  INFO 12172 --- [SpringApplicationShutdownHook] com.zaxxer.hikari.HikariDataSource       : HikariPool-1 - Shutdown completed.
2024-04-25T16:15:45.274+03:00  INFO 47572 --- [restartedMain] c.p.countrycode.CountryCodeApplication   : Starting CountryCodeApplication using Java 17.0.10 with PID 47572 (D:\DontTouch\Labs\Java\country-code\target\classes started by Seno in D:\DontTouch\Labs\Java\country-code)
2024-04-25T16:15:45.276+03:00  INFO 47572 --- [restartedMain] c.p.countrycode.CountryCodeApplication   : No active profile set, falling back to 1 default profile: "default"
2024-04-25T16:15:45.327+03:00  INFO 47572 --- [restartedMain] .e.DevToolsPropertyDefaultsPostProcessor : Devtools property defaults active! Set 'spring.devtools.add-properties' to 'false' to disable
2024-04-25T16:15:45.327+03:00  INFO 47572 --- [restartedMain] .e.DevToolsPropertyDefaultsPostProcessor : For additional web related logging consider setting the 'logging.level.web' property to 'DEBUG'
2024-04-25T16:15:46.340+03:00  INFO 47572 --- [restartedMain] .s.d.r.c.RepositoryConfigurationDelegate : Bootstrapping Spring Data JPA repositories in DEFAULT mode.
2024-04-25T16:15:46.467+03:00  INFO 47572 --- [restartedMain] .s.d.r.c.RepositoryConfigurationDelegate : Finished Spring Data repository scanning in 113 ms. Found 3 JPA repository interfaces.
2024-04-25T16:15:47.588+03:00  INFO 47572 --- [restartedMain] o.s.b.w.embedded.tomcat.TomcatWebServer  : Tomcat initialized with port 8080 (http)
2024-04-25T16:15:47.601+03:00  INFO 47572 --- [restartedMain] o.apache.catalina.core.StandardService   : Starting service [Tomcat]
2024-04-25T16:15:47.602+03:00  INFO 47572 --- [restartedMain] o.apache.catalina.core.StandardEngine    : Starting Servlet engine: [Apache Tomcat/10.1.19]
2024-04-25T16:15:47.676+03:00  INFO 47572 --- [restartedMain] o.a.c.c.C.[Tomcat].[localhost].[/]       : Initializing Spring embedded WebApplicationContext
2024-04-25T16:15:47.677+03:00  INFO 47572 --- [restartedMain] w.s.c.ServletWebServerApplicationContext : Root WebApplicationContext: initialization completed in 2348 ms
2024-04-25T16:15:47.918+03:00  INFO 47572 --- [restartedMain] o.hibernate.jpa.internal.util.LogHelper  : HHH000204: Processing PersistenceUnitInfo [name: default]
2024-04-25T16:15:47.973+03:00  INFO 47572 --- [restartedMain] org.hibernate.Version                    : HHH000412: Hibernate ORM core version 6.4.4.Final
2024-04-25T16:15:47.996+03:00  INFO 47572 --- [restartedMain] o.h.c.internal.RegionFactoryInitiator    : HHH000026: Second-level cache disabled
2024-04-25T16:15:48.164+03:00  INFO 47572 --- [restartedMain] o.s.o.j.p.SpringPersistenceUnitInfo      : No LoadTimeWeaver setup: ignoring JPA class transformer
2024-04-25T16:15:48.189+03:00  INFO 47572 --- [restartedMain] com.zaxxer.hikari.HikariDataSource       : HikariPool-1 - Starting...
2024-04-25T16:15:48.310+03:00  INFO 47572 --- [restartedMain] com.zaxxer.hikari.pool.HikariPool        : HikariPool-1 - Added connection org.postgresql.jdbc.PgConnection@35bd42d8
2024-04-25T16:15:48.312+03:00  INFO 47572 --- [restartedMain] com.zaxxer.hikari.HikariDataSource       : HikariPool-1 - Start completed.
2024-04-25T16:15:48.348+03:00  WARN 47572 --- [restartedMain] org.hibernate.orm.deprecation            : HHH90000025: PostgreSQLDialect does not need to be specified explicitly using 'hibernate.dialect' (remove the property setting and it will be selected by default)
2024-04-25T16:15:49.530+03:00  INFO 47572 --- [restartedMain] o.h.e.t.j.p.i.JtaPlatformInitiator       : HHH000489: No JTA platform available (set 'hibernate.transaction.jta.platform' to enable JTA platform integration)
2024-04-25T16:15:49.845+03:00  INFO 47572 --- [restartedMain] j.LocalContainerEntityManagerFactoryBean : Initialized JPA EntityManagerFactory for persistence unit 'default'
2024-04-25T16:15:50.316+03:00  INFO 47572 --- [restartedMain] o.s.d.j.r.query.QueryEnhancerFactory     : Hibernate is in classpath; If applicable, HQL parser will be used.
2024-04-25T16:15:51.064+03:00  WARN 47572 --- [restartedMain] JpaBaseConfiguration$JpaWebConfiguration : spring.jpa.open-in-view is enabled by default. Therefore, database queries may be performed during view rendering. Explicitly configure spring.jpa.open-in-view to disable this warning
2024-04-25T16:15:51.860+03:00  INFO 47572 --- [restartedMain] o.s.b.d.a.OptionalLiveReloadServer       : LiveReload server is running on port 35729
2024-04-25T16:15:51.935+03:00  INFO 47572 --- [restartedMain] o.s.b.w.embedded.tomcat.TomcatWebServer  : Tomcat started on port 8080 (http) with context path ''
2024-04-25T16:15:51.951+03:00  INFO 47572 --- [restartedMain] c.p.countrycode.CountryCodeApplication   : Started CountryCodeApplication in 7.134 seconds (process running for 7.927)
2024-04-25T16:15:53.887+03:00  INFO 47572 --- [http-nio-8080-exec-1] o.a.c.c.C.[Tomcat].[localhost].[/]       : Initializing Spring DispatcherServlet 'dispatcherServlet'
2024-04-25T16:15:53.887+03:00  INFO 47572 --- [http-nio-8080-exec-1] o.s.web.servlet.DispatcherServlet        : Initializing Servlet 'dispatcherServlet'
2024-04-25T16:15:53.889+03:00  INFO 47572 --- [http-nio-8080-exec-1] o.s.web.servlet.DispatcherServlet        : Completed initialization in 2 ms
2024-04-25T16:15:54.066+03:00  INFO 47572 --- [http-nio-8080-exec-1] c.p.countrycode.component.LoggingAspect  : All countries found: [com.projects.countrycode.domain.Country@229af03, com.projects.countrycode.domain.Country@7ea74106, com.projects.countrycode.domain.Country@73941441, com.projects.countrycode.domain.Country@38724b9b, com.projects.countrycode.domain.Country@4cd9aa51, com.projects.countrycode.domain.Country@e0702ba], Request count: 1
2024-04-25T16:15:54.572+03:00  INFO 47572 --- [http-nio-8080-exec-2] c.p.countrycode.component.LoggingAspect  : All countries found: [com.projects.countrycode.domain.Country@72981cba, com.projects.countrycode.domain.Country@3e8f14f5, com.projects.countrycode.domain.Country@4c46a331, com.projects.countrycode.domain.Country@ef511fe, com.projects.countrycode.domain.Country@2553f624, com.projects.countrycode.domain.Country@6f0a42f9], Request count: 2
2024-04-25T16:15:55.355+03:00  INFO 47572 --- [http-nio-8080-exec-3] c.p.countrycode.component.LoggingAspect  : All countries found: [com.projects.countrycode.domain.Country@6a392bd1, com.projects.countrycode.domain.Country@14d6a6d1, com.projects.countrycode.domain.Country@6a23b6b5, com.projects.countrycode.domain.Country@76bd9603, com.projects.countrycode.domain.Country@393bc9f9, com.projects.countrycode.domain.Country@6d677956], Request count: 3
2024-04-25T16:15:55.504+03:00  INFO 47572 --- [http-nio-8080-exec-4] c.p.countrycode.component.LoggingAspect  : All countries found: [com.projects.countrycode.domain.Country@3cc0347e, com.projects.countrycode.domain.Country@fa21a33, com.projects.countrycode.domain.Country@631bba80, com.projects.countrycode.domain.Country@15a08043, com.projects.countrycode.domain.Country@3a2dfe47, com.projects.countrycode.domain.Country@31f054d8], Request count: 4
2024-04-25T16:15:55.674+03:00  INFO 47572 --- [http-nio-8080-exec-5] c.p.countrycode.component.LoggingAspect  : All countries found: [com.projects.countrycode.domain.Country@1b3e4377, com.projects.countrycode.domain.Country@2871c8fd, com.projects.countrycode.domain.Country@3266e442, com.projects.countrycode.domain.Country@e3a4765, com.projects.countrycode.domain.Country@5cdb8aff, com.projects.countrycode.domain.Country@3ea5c510], Request count: 5
2024-04-25T16:15:55.897+03:00  INFO 47572 --- [http-nio-8080-exec-10] c.p.countrycode.component.LoggingAspect  : All countries found: [com.projects.countrycode.domain.Country@7f040de6, com.projects.countrycode.domain.Country@6f83539b, com.projects.countrycode.domain.Country@32e047a0, com.projects.countrycode.domain.Country@24c0c183, com.projects.countrycode.domain.Country@4f9a8b29, com.projects.countrycode.domain.Country@586348fb], Request count: 6
2024-04-25T16:16:11.177+03:00  INFO 47572 --- [http-nio-8080-exec-8] c.p.countrycode.component.LoggingAspect  : All countries found: [com.projects.countrycode.domain.Country@4febe758, com.projects.countrycode.domain.Country@4f73899d, com.projects.countrycode.domain.Country@7f0df89a, com.projects.countrycode.domain.Country@487c00a2, com.projects.countrycode.domain.Country@64db1f89, com.projects.countrycode.domain.Country@8fa77f7], Request count: 7
2024-04-25T16:16:13.903+03:00  INFO 47572 --- [http-nio-8080-exec-9] c.p.countrycode.component.LoggingAspect  : All countries found: [com.projects.countrycode.domain.Country@aea252, com.projects.countrycode.domain.Country@53096ced, com.projects.countrycode.domain.Country@6a17e9a4, com.projects.countrycode.domain.Country@7c3361e1, com.projects.countrycode.domain.Country@38028cbe, com.projects.countrycode.domain.Country@5aa5ac29], Request count: 8
2024-04-25T16:16:15.686+03:00  INFO 47572 --- [http-nio-8080-exec-6] c.p.countrycode.component.LoggingAspect  : All countries found: [com.projects.countrycode.domain.Country@36d6947, com.projects.countrycode.domain.Country@178ae9f8, com.projects.countrycode.domain.Country@1e946c5b, com.projects.countrycode.domain.Country@2e66674a, com.projects.countrycode.domain.Country@32efca09, com.projects.countrycode.domain.Country@33389827], Request count: 9
2024-04-25T16:16:16.959+03:00  INFO 47572 --- [http-nio-8080-exec-1] c.p.countrycode.component.LoggingAspect  : All countries found: [com.projects.countrycode.domain.Country@73a762ce, com.projects.countrycode.domain.Country@5113c40a, com.projects.countrycode.domain.Country@3ecce681, com.projects.countrycode.domain.Country@62f111ee, com.projects.countrycode.domain.Country@b1fd400, com.projects.countrycode.domain.Country@3998b1e7], Request count: 10
2024-04-25T16:17:27.021+03:00  INFO 47572 --- [http-nio-8080-exec-3] c.p.countrycode.component.LoggingAspect  : All countries found: [com.projects.countrycode.domain.Country@61ea283d, com.projects.countrycode.domain.Country@1cfcb1b3, com.projects.countrycode.domain.Country@da03be8, com.projects.countrycode.domain.Country@7ae5d5cf, com.projects.countrycode.domain.Country@3f541dba, com.projects.countrycode.domain.Country@172cbd22], Request count: 11
2024-04-25T16:17:32.542+03:00  INFO 47572 --- [http-nio-8080-exec-5] c.p.countrycode.component.LoggingAspect  : All countries found: [com.projects.countrycode.domain.Country@7f49e37b, com.projects.countrycode.domain.Country@30296ef0, com.projects.countrycode.domain.Country@234b46ee, com.projects.countrycode.domain.Country@d100f8f, com.projects.countrycode.domain.Country@5b849362, com.projects.countrycode.domain.Country@57407ac0], Request count: 12
2024-04-25T16:17:45.671+03:00  INFO 47572 --- [http-nio-8080-exec-7] c.p.countrycode.component.LoggingAspect  : All countries found: [com.projects.countrycode.domain.Country@3b6dbaa6, com.projects.countrycode.domain.Country@1ae6b6a3, com.projects.countrycode.domain.Country@17eed258, com.projects.countrycode.domain.Country@6060dd21, com.projects.countrycode.domain.Country@78cc3c4d, com.projects.countrycode.domain.Country@3ff6105], Request count: 13
2024-04-25T16:18:05.861+03:00  INFO 47572 --- [http-nio-8080-exec-9] c.p.countrycode.component.LoggingAspect  : All countries found: [com.projects.countrycode.domain.Country@5d940b06, com.projects.countrycode.domain.Country@49e3e035, com.projects.countrycode.domain.Country@c88c519, com.projects.countrycode.domain.Country@ddaef7f, com.projects.countrycode.domain.Country@5f991bdd, com.projects.countrycode.domain.Country@2c975f93], Request count: 14
2024-04-25T16:18:14.524+03:00  INFO 47572 --- [http-nio-8080-exec-1] c.p.countrycode.component.LoggingAspect  : All countries found: [com.projects.countrycode.domain.Country@4d2113cb, com.projects.countrycode.domain.Country@134debf0, com.projects.countrycode.domain.Country@4dbd9a2e, com.projects.countrycode.domain.Country@23fc0402, com.projects.countrycode.domain.Country@6401f936, com.projects.countrycode.domain.Country@62bbc546], Request count: 15
2024-04-25T16:19:01.910+03:00  INFO 47572 --- [http-nio-8080-exec-3] c.p.countrycode.component.LoggingAspect  : All countries found: [com.projects.countrycode.domain.Country@75ce315c, com.projects.countrycode.domain.Country@753ed8da, com.projects.countrycode.domain.Country@293db180, com.projects.countrycode.domain.Country@6303a8de, com.projects.countrycode.domain.Country@31b99184, com.projects.countrycode.domain.Country@3be02b3f], Request count: 16
2024-04-25T16:19:15.273+03:00  INFO 47572 --- [http-nio-8080-exec-5] c.p.countrycode.component.LoggingAspect  : All countries found: [com.projects.countrycode.domain.Country@2e0db12f, com.projects.countrycode.domain.Country@262e0da6, com.projects.countrycode.domain.Country@53cf4528, com.projects.countrycode.domain.Country@2706d276, com.projects.countrycode.domain.Country@309fe6d8, com.projects.countrycode.domain.Country@7069987d], Request count: 17
2024-04-25T16:19:30.055+03:00  INFO 47572 --- [http-nio-8080-exec-7] c.p.countrycode.component.LoggingAspect  : All countries found: [com.projects.countrycode.domain.Country@62e1cbdb, com.projects.countrycode.domain.Country@7373e539, com.projects.countrycode.domain.Country@6cef0fb7, com.projects.countrycode.domain.Country@569af563, com.projects.countrycode.domain.Country@56103097, com.projects.countrycode.domain.Country@47641b13], Request count: 18
2024-04-25T16:21:40.092+03:00  INFO 47572 --- [http-nio-8080-exec-9] c.p.countrycode.component.LoggingAspect  : All countries found: [com.projects.countrycode.domain.Country@ba998d4, com.projects.countrycode.domain.Country@4dfcf7d1, com.projects.countrycode.domain.Country@7dd84998, com.projects.countrycode.domain.Country@5e5d0f70, com.projects.countrycode.domain.Country@730da9b3, com.projects.countrycode.domain.Country@56abc2c3], Request count: 19
2024-04-25T16:21:43.776+03:00  INFO 47572 --- [http-nio-8080-exec-6] c.p.countrycode.component.LoggingAspect  : All countries found: [com.projects.countrycode.domain.Country@389d3f38, com.projects.countrycode.domain.Country@3280efb8, com.projects.countrycode.domain.Country@437cd5f1, com.projects.countrycode.domain.Country@291c92e2, com.projects.countrycode.domain.Country@21acc065, com.projects.countrycode.domain.Country@6e2418ee], Request count: 20
2024-04-25T16:21:46.415+03:00  INFO 47572 --- [http-nio-8080-exec-1] c.p.countrycode.component.LoggingAspect  : All countries found: [com.projects.countrycode.domain.Country@2840ee11, com.projects.countrycode.domain.Country@4708b6fe, com.projects.countrycode.domain.Country@42b716b7, com.projects.countrycode.domain.Country@3da2837b, com.projects.countrycode.domain.Country@b33f39f, com.projects.countrycode.domain.Country@d97667a], Request count: 21
2024-04-25T16:29:35.635+03:00  INFO 47572 --- [http-nio-8080-exec-3] c.p.countrycode.component.LoggingAspect  : All countries found: [com.projects.countrycode.domain.Country@45bb836, com.projects.countrycode.domain.Country@5d185f1c, com.projects.countrycode.domain.Country@77450fd2, com.projects.countrycode.domain.Country@52ff44ef, com.projects.countrycode.domain.Country@7abbc617, com.projects.countrycode.domain.Country@4eeeb745], Request count: 22
2024-04-25T16:36:43.312+03:00  INFO 47572 --- [http-nio-8080-exec-1] c.projects.countrycode.component.Cache   : get from cache
2024-04-25T16:36:43.370+03:00  INFO 47572 --- [http-nio-8080-exec-1] c.projects.countrycode.component.Cache   : Value has been put in cache
2024-04-25T16:38:09.262+03:00  INFO 47572 --- [http-nio-8080-exec-6] c.projects.countrycode.component.Cache   : Value has been put in cache
2024-04-25T16:38:09.282+03:00  INFO 47572 --- [http-nio-8080-exec-6] c.p.countrycode.component.LoggingAspect  : Language added to country: <200 OK OK,Новый язык успешно создан и добавлен к стране,[]>
2024-04-25T16:38:14.139+03:00  INFO 47572 --- [http-nio-8080-exec-2] c.projects.countrycode.component.Cache   : get from cache
2024-04-25T16:44:27.671+03:00  INFO 47572 --- [http-nio-8080-exec-10] c.p.countrycode.component.LoggingAspect  : All countries found: [com.projects.countrycode.domain.Country@406ac85e, com.projects.countrycode.domain.Country@4d6ba9a8, com.projects.countrycode.domain.Country@544c4ef7, com.projects.countrycode.domain.Country@d60bdb8, com.projects.countrycode.domain.Country@4e0ab711, com.projects.countrycode.domain.Country@4c8f916d], Request count: 24
2024-04-25T16:44:32.173+03:00  INFO 47572 --- [http-nio-8080-exec-8] c.p.countrycode.component.LoggingAspect  : All countries found: [com.projects.countrycode.domain.Country@5d064d8a, com.projects.countrycode.domain.Country@eded367, com.projects.countrycode.domain.Country@35d049e5, com.projects.countrycode.domain.Country@667e036a, com.projects.countrycode.domain.Country@1d67c6cc, com.projects.countrycode.domain.Country@21fbaa1e], Request count: 25
2024-04-25T16:45:15.971+03:00  INFO 47572 --- [http-nio-8080-exec-1] c.projects.countrycode.component.Cache   : get from cache
2024-04-25T16:46:55.834+03:00  INFO 47572 --- [http-nio-8080-exec-4] c.projects.countrycode.component.Cache   : get from cache
2024-04-25T16:46:58.096+03:00 ERROR 47572 --- [http-nio-8080-exec-5] c.p.c.component.ExceptionsHandler        : 404 NotFound exception
2024-04-25T16:46:58.104+03:00  WARN 47572 --- [http-nio-8080-exec-5] .m.m.a.ExceptionHandlerExceptionResolver : Resolved [org.springframework.web.server.ResponseStatusException: 404 NOT_FOUND "Requested resource is not found."]
2024-04-25T16:47:08.804+03:00 ERROR 47572 --- [http-nio-8080-exec-8] c.p.c.component.ExceptionsHandler        : 404 NotFound exception
2024-04-25T16:47:08.806+03:00  WARN 47572 --- [http-nio-8080-exec-8] .m.m.a.ExceptionHandlerExceptionResolver : Resolved [org.springframework.web.server.ResponseStatusException: 404 NOT_FOUND "Requested resource is not found."]
2024-04-25T16:50:19.528+03:00  INFO 47572 --- [http-nio-8080-exec-1] c.projects.countrycode.component.Cache   : get from cache
2024-04-25T16:56:54.857+03:00  INFO 47572 --- [SpringApplicationShutdownHook] j.LocalContainerEntityManagerFactoryBean : Closing JPA EntityManagerFactory for persistence unit 'default'
2024-04-25T16:56:54.869+03:00  INFO 47572 --- [SpringApplicationShutdownHook] com.zaxxer.hikari.HikariDataSource       : HikariPool-1 - Shutdown initiated...
2024-04-25T16:56:54.875+03:00  INFO 47572 --- [SpringApplicationShutdownHook] com.zaxxer.hikari.HikariDataSource       : HikariPool-1 - Shutdown completed.
2024-04-25T16:57:52.976+03:00  INFO 18524 --- [restartedMain] c.p.countrycode.CountryCodeApplication   : Starting CountryCodeApplication using Java 17.0.10 with PID 18524 (D:\DontTouch\Labs\Java\country-code\target\classes started by Seno in D:\DontTouch\Labs\Java\country-code)
2024-04-25T16:57:52.978+03:00  INFO 18524 --- [restartedMain] c.p.countrycode.CountryCodeApplication   : No active profile set, falling back to 1 default profile: "default"
2024-04-25T16:57:53.027+03:00  INFO 18524 --- [restartedMain] .e.DevToolsPropertyDefaultsPostProcessor : Devtools property defaults active! Set 'spring.devtools.add-properties' to 'false' to disable
2024-04-25T16:57:53.027+03:00  INFO 18524 --- [restartedMain] .e.DevToolsPropertyDefaultsPostProcessor : For additional web related logging consider setting the 'logging.level.web' property to 'DEBUG'
2024-04-25T16:57:53.997+03:00  INFO 18524 --- [restartedMain] .s.d.r.c.RepositoryConfigurationDelegate : Bootstrapping Spring Data JPA repositories in DEFAULT mode.
2024-04-25T16:57:54.080+03:00  INFO 18524 --- [restartedMain] .s.d.r.c.RepositoryConfigurationDelegate : Finished Spring Data repository scanning in 74 ms. Found 3 JPA repository interfaces.
2024-04-25T16:57:54.790+03:00  INFO 18524 --- [restartedMain] o.s.b.w.embedded.tomcat.TomcatWebServer  : Tomcat initialized with port 8080 (http)
2024-04-25T16:57:54.800+03:00  INFO 18524 --- [restartedMain] o.apache.catalina.core.StandardService   : Starting service [Tomcat]
2024-04-25T16:57:54.801+03:00  INFO 18524 --- [restartedMain] o.apache.catalina.core.StandardEngine    : Starting Servlet engine: [Apache Tomcat/10.1.19]
2024-04-25T16:57:54.868+03:00  INFO 18524 --- [restartedMain] o.a.c.c.C.[Tomcat].[localhost].[/]       : Initializing Spring embedded WebApplicationContext
2024-04-25T16:57:54.869+03:00  INFO 18524 --- [restartedMain] w.s.c.ServletWebServerApplicationContext : Root WebApplicationContext: initialization completed in 1841 ms
2024-04-25T16:57:55.025+03:00  INFO 18524 --- [restartedMain] o.hibernate.jpa.internal.util.LogHelper  : HHH000204: Processing PersistenceUnitInfo [name: default]
2024-04-25T16:57:55.082+03:00  INFO 18524 --- [restartedMain] org.hibernate.Version                    : HHH000412: Hibernate ORM core version 6.4.4.Final
2024-04-25T16:57:55.121+03:00  INFO 18524 --- [restartedMain] o.h.c.internal.RegionFactoryInitiator    : HHH000026: Second-level cache disabled
2024-04-25T16:57:55.278+03:00  INFO 18524 --- [restartedMain] o.s.o.j.p.SpringPersistenceUnitInfo      : No LoadTimeWeaver setup: ignoring JPA class transformer
2024-04-25T16:57:55.298+03:00  INFO 18524 --- [restartedMain] com.zaxxer.hikari.HikariDataSource       : HikariPool-1 - Starting...
2024-04-25T16:57:55.405+03:00  INFO 18524 --- [restartedMain] com.zaxxer.hikari.pool.HikariPool        : HikariPool-1 - Added connection org.postgresql.jdbc.PgConnection@52e53cc
2024-04-25T16:57:55.406+03:00  INFO 18524 --- [restartedMain] com.zaxxer.hikari.HikariDataSource       : HikariPool-1 - Start completed.
2024-04-25T16:57:55.448+03:00  WARN 18524 --- [restartedMain] org.hibernate.orm.deprecation            : HHH90000025: PostgreSQLDialect does not need to be specified explicitly using 'hibernate.dialect' (remove the property setting and it will be selected by default)
2024-04-25T16:57:56.224+03:00  INFO 18524 --- [restartedMain] o.h.e.t.j.p.i.JtaPlatformInitiator       : HHH000489: No JTA platform available (set 'hibernate.transaction.jta.platform' to enable JTA platform integration)
2024-04-25T16:57:56.459+03:00  INFO 18524 --- [restartedMain] j.LocalContainerEntityManagerFactoryBean : Initialized JPA EntityManagerFactory for persistence unit 'default'
2024-04-25T16:57:56.914+03:00  INFO 18524 --- [restartedMain] o.s.d.j.r.query.QueryEnhancerFactory     : Hibernate is in classpath; If applicable, HQL parser will be used.
2024-04-25T16:57:57.489+03:00  WARN 18524 --- [restartedMain] JpaBaseConfiguration$JpaWebConfiguration : spring.jpa.open-in-view is enabled by default. Therefore, database queries may be performed during view rendering. Explicitly configure spring.jpa.open-in-view to disable this warning
2024-04-25T16:57:58.462+03:00  INFO 18524 --- [restartedMain] o.s.b.d.a.OptionalLiveReloadServer       : LiveReload server is running on port 35729
2024-04-25T16:57:58.558+03:00  INFO 18524 --- [restartedMain] o.s.b.w.embedded.tomcat.TomcatWebServer  : Tomcat started on port 8080 (http) with context path ''
2024-04-25T16:57:58.574+03:00  INFO 18524 --- [restartedMain] c.p.countrycode.CountryCodeApplication   : Started CountryCodeApplication in 6.042 seconds (process running for 6.908)
2024-04-25T16:58:06.710+03:00  INFO 18524 --- [http-nio-8080-exec-1] o.a.c.c.C.[Tomcat].[localhost].[/]       : Initializing Spring DispatcherServlet 'dispatcherServlet'
2024-04-25T16:58:06.711+03:00  INFO 18524 --- [http-nio-8080-exec-1] o.s.web.servlet.DispatcherServlet        : Initializing Servlet 'dispatcherServlet'
2024-04-25T16:58:06.713+03:00  INFO 18524 --- [http-nio-8080-exec-1] o.s.web.servlet.DispatcherServlet        : Completed initialization in 2 ms
2024-04-25T16:58:06.986+03:00  INFO 18524 --- [http-nio-8080-exec-1] c.p.countrycode.component.LoggingAspect  : All countries found: [com.projects.countrycode.domain.Country@3ba3f124, com.projects.countrycode.domain.Country@e275a3d, com.projects.countrycode.domain.Country@39b8fdda, com.projects.countrycode.domain.Country@1c54ec9b, com.projects.countrycode.domain.Country@6a03a819, com.projects.countrycode.domain.Country@4d09f9d], Request count: 1
2024-04-25T17:00:44.610+03:00  INFO 18524 --- [SpringApplicationShutdownHook] j.LocalContainerEntityManagerFactoryBean : Closing JPA EntityManagerFactory for persistence unit 'default'
2024-04-25T17:00:44.615+03:00  INFO 18524 --- [SpringApplicationShutdownHook] com.zaxxer.hikari.HikariDataSource       : HikariPool-1 - Shutdown initiated...
2024-04-25T17:00:44.619+03:00  INFO 18524 --- [SpringApplicationShutdownHook] com.zaxxer.hikari.HikariDataSource       : HikariPool-1 - Shutdown completed.
